<?xml version="1.0" encoding="UTF-8"?>
<!-- Generated by org.testng.reporters.JUnitReportReporter -->
<testsuite skipped="0" hostname="vijaysana" name="testvijay.testng2" tests="1" failures="0" timestamp="2020-07-17T14:30:53 IST" time="0.000" errors="0">
  <testcase name="demo3" time="0.000" classname="testvijay.testng2"/>
  <system-out/>
</testsuite> <!-- testvijay.testng2 -->
