<?xml version="1.0" encoding="UTF-8"?>
<!-- Generated by org.testng.reporters.JUnitReportReporter -->
<testsuite skipped="0" hostname="vijaysana" name="testvijay.testing5" tests="1" failures="0" timestamp="2020-07-17T14:30:53 IST" time="0.001" errors="0">
  <testcase name="checklists" time="0.001" classname="testvijay.testing5"/>
  <system-out/>
</testsuite> <!-- testvijay.testing5 -->
