<?xml version="1.0" encoding="UTF-8"?>
<!-- Generated by org.testng.reporters.JUnitReportReporter -->
<testsuite skipped="0" hostname="vijaysana" name="testvijay.testng1" tests="1" failures="0" timestamp="2020-07-17T14:30:53 IST" time="0.013" errors="0">
  <testcase name="demo1" time="0.013" classname="testvijay.testng1"/>
  <system-out/>
</testsuite> <!-- testvijay.testng1 -->
