<?xml version="1.0" encoding="UTF-8"?>
<!-- Generated by org.testng.reporters.JUnitReportReporter -->
<testsuite skipped="0" hostname="vijaysana" name="testvijay.testing4" tests="1" failures="0" timestamp="2020-07-17T14:30:53 IST" time="0.003" errors="0">
  <testcase name="upcomingseminars" time="0.003" classname="testvijay.testing4"/>
  <system-out/>
</testsuite> <!-- testvijay.testing4 -->
