<?xml version="1.0" encoding="UTF-8"?>
<!-- Generated by org.testng.reporters.JUnitReportReporter -->
<testsuite skipped="0" hostname="vijaysana" name="testvijay.testing3" tests="1" failures="0" timestamp="2020-07-17T14:30:53 IST" time="0.002" errors="0">
  <testcase name="upcomingwebinars" time="0.002" classname="testvijay.testing3"/>
  <system-out/>
</testsuite> <!-- testvijay.testing3 -->
